flappyAccount/build/intermediates/manifest_merge_blame_file/debug/manifest-merger-blame-debug-report.txt
1<?xml version="1.0" encoding="utf-8"?>
2<manifest xmlns:android="http://schemas.android.com/apk/res/android"
3    package="com.cpen391.flappyaccount"
4    android:versionCode="1"
5    android:versionName="1.0.0" >
6
7    <uses-sdk
8        android:minSdkVersion="26"
8-->src\main\AndroidManifest.xml
9        android:targetSdkVersion="28" />
9-->src\main\AndroidManifest.xml
10
11    <uses-permission android:name="android.permission.RECORD_AUDIO" />
11-->src\main\AndroidManifest.xml:4:5-71
11-->src\main\AndroidManifest.xml:4:22-68
12
13    <!-- permission to access user's location -->
14    <uses-permission android:name="android.permission.ACCESS_FINE_LOCATION" />
14-->src\main\AndroidManifest.xml:7:5-78
14-->src\main\AndroidManifest.xml:7:22-76
15    <uses-permission android:name="android.permission.ACCESS_COARSE_LOCATION" />
15-->src\main\AndroidManifest.xml:8:5-80
15-->src\main\AndroidManifest.xml:8:22-78
16
17    <application>
17-->src\main\AndroidManifest.xml:10:5-36:19
18        <activity
18-->src\main\AndroidManifest.xml:11:9-14:20
19            android:name="com.cpen391.flappyaccount.activity.VerifyOTPActivity"
19-->src\main\AndroidManifest.xml:11:19-61
20            android:launchMode="singleTop" >
20-->src\main\AndroidManifest.xml:12:13-43
21        </activity>
22        <activity
22-->src\main\AndroidManifest.xml:15:9-16:45
23            android:name="com.cpen391.flappyaccount.activity.ResetPasswordSuccessActivity"
23-->src\main\AndroidManifest.xml:15:19-72
24            android:launchMode="singleTop" />
24-->src\main\AndroidManifest.xml:16:13-43
25        <activity
25-->src\main\AndroidManifest.xml:17:9-18:45
26            android:name="com.cpen391.flappyaccount.activity.ForgetPasswordActivity"
26-->src\main\AndroidManifest.xml:17:19-66
27            android:launchMode="singleTop" />
27-->src\main\AndroidManifest.xml:18:13-43
28        <activity
28-->src\main\AndroidManifest.xml:19:9-20:46
29            android:name="com.cpen391.flappyaccount.activity.StartActivity"
29-->src\main\AndroidManifest.xml:19:19-57
30            android:launchMode="singleTask" />
30-->src\main\AndroidManifest.xml:20:13-44
31        <activity
31-->src\main\AndroidManifest.xml:21:9-22:45
32            android:name="com.cpen391.flappyaccount.activity.ResetPasswordActivity"
32-->src\main\AndroidManifest.xml:21:19-65
33            android:launchMode="singleTop" />
33-->src\main\AndroidManifest.xml:22:13-43
34        <activity
34-->src\main\AndroidManifest.xml:23:9-24:45
35            android:name="com.cpen391.flappyaccount.activity.SignUpActivity"
35-->src\main\AndroidManifest.xml:23:19-58
36            android:launchMode="singleTop" />
36-->src\main\AndroidManifest.xml:24:13-43
37        <activity
37-->src\main\AndroidManifest.xml:25:9-27:45
38            android:name="com.cpen391.flappyaccount.activity.LoginActivity"
38-->src\main\AndroidManifest.xml:25:19-57
39            android:launchMode="singleTop"
39-->src\main\AndroidManifest.xml:27:13-43
40            android:windowSoftInputMode="stateHidden" />
40-->src\main\AndroidManifest.xml:26:13-54
41        <activity android:name="com.cpen391.flappyUI.SingleGameStartActivity" />
41-->src\main\AndroidManifest.xml:28:9-81
41-->src\main\AndroidManifest.xml:28:19-78
42        <activity android:name="com.cpen391.flappyUI.EndGamePointActivity" />
42-->src\main\AndroidManifest.xml:29:9-78
42-->src\main\AndroidManifest.xml:29:19-75
43        <activity android:name="com.cpen391.flappyUI.PersonalDataActivity" />
43-->src\main\AndroidManifest.xml:30:9-78
43-->src\main\AndroidManifest.xml:30:19-75
44        <activity android:name="com.cpen391.flappyVoiceRecording.VoiceControlActivity" />
44-->src\main\AndroidManifest.xml:31:9-90
44-->src\main\AndroidManifest.xml:31:19-87
45
46        <meta-data
46-->src\main\AndroidManifest.xml:33:9-35:57
47            android:name="preloaded_fonts"
47-->src\main\AndroidManifest.xml:34:13-43
48            android:resource="@array/preloaded_fonts" />
48-->src\main\AndroidManifest.xml:35:13-54
49    </application>
50
51</manifest>